<?xml version="1.0" encoding="UTF-8"?>
<!-- Generated by org.testng.reporters.JUnitReportReporter -->
<testsuite skipped="0" hostname="DESKTOP-GFPE4G7" name="test.TestClass" tests="1" failures="0" timestamp="2020-07-27T20:46:44 CDT" time="8.515" errors="0">
  <testcase name="testing" time="8.515" classname="test.TestClass"/>
  <system-out/>
</testsuite> <!-- test.TestClass -->
